<?xml version="1.0" encoding="UTF-8"?>
<!-- Generated by org.testng.reporters.JUnitReportReporter -->
<testsuite hostname="prashant" failures="0" tests="1" name="Com.healthcare.TestCases.TestClass_MRS_Broken_links" time="12.565" errors="0" timestamp="2023-07-26T14:35:34 IST" skipped="0">
  <testcase classname="Com.healthcare.TestCases.TestClass_MRS_Broken_links" name="TestMethod" time="12.565"/>
  <system-out/>
</testsuite> <!-- Com.healthcare.TestCases.TestClass_MRS_Broken_links -->
