<?xml version="1.0" encoding="UTF-8"?>
<!-- Generated by org.testng.reporters.JUnitReportReporter -->
<testsuite hostname="prashant" failures="0" tests="1" name="Com.healthcare.TestCases.TestClass_MRS_Broken_links" time="23.184" errors="0" timestamp="2023-07-28T14:56:22 IST" skipped="0">
  <testcase classname="Com.healthcare.TestCases.TestClass_MRS_Broken_links" name="TestMethod" time="23.184"/>
  <system-out/>
</testsuite> <!-- Com.healthcare.TestCases.TestClass_MRS_Broken_links -->
