<?xml version="1.0" encoding="UTF-8"?>
<!-- Generated by org.testng.reporters.JUnitReportReporter -->
<testsuite hostname="prashant" failures="0" tests="1" name="Com.healthcare.TestCases.Login_TestClass" time="12.754" errors="0" timestamp="2023-07-26T14:35:34 IST" skipped="0">
  <testcase classname="Com.healthcare.TestCases.Login_TestClass" name="Login" time="12.754"/>
  <system-out/>
</testsuite> <!-- Com.healthcare.TestCases.Login_TestClass -->
