<?xml version="1.0" encoding="UTF-8"?>
<!-- Generated by org.testng.reporters.JUnitReportReporter -->
<testsuite hostname="prashant" failures="0" tests="5" name="Com.healthcare.TestCases.LoginTest_Data_MRS" time="104.668" errors="0" timestamp="2023-07-28T14:56:22 IST" skipped="0">
  <testcase classname="Com.healthcare.TestCases.LoginTest_Data_MRS" name="Login" time="18.541"/>
  <system-out/>
  <testcase classname="Com.healthcare.TestCases.LoginTest_Data_MRS" name="Login" time="20.020"/>
  <system-out/>
  <testcase classname="Com.healthcare.TestCases.LoginTest_Data_MRS" name="Login" time="28.223"/>
  <system-out/>
  <testcase classname="Com.healthcare.TestCases.LoginTest_Data_MRS" name="Login" time="19.989"/>
  <system-out/>
  <testcase classname="Com.healthcare.TestCases.LoginTest_Data_MRS" name="Login" time="17.895"/>
  <system-out/>
</testsuite> <!-- Com.healthcare.TestCases.LoginTest_Data_MRS -->
